02:19:03,478  INFO MLog:203 - MLog clients using slf4j logging.
02:19:03,741  INFO C3P0Registry:203 - Initializing c3p0-0.9.5 [built 02-January-2015 13:25:04 -0500; debug? true; trace: 10]
02:19:03,782  INFO Config:22 - Init Config class file
02:19:03,783  INFO Config:51 - Reading from config.properties stream is successfully.
02:19:03,805  INFO AbstractPoolBackedDataSource:203 - Initializing c3p0 pool... com.mchange.v2.c3p0.ComboPooledDataSource [ acquireIncrement -> 3, acquireRetryAttempts -> 30, acquireRetryDelay -> 1000, autoCommitOnClose -> false, automaticTestTable -> null, breakAfterAcquireFailure -> false, checkoutTimeout -> 0, connectionCustomizerClassName -> null, connectionTesterClassName -> com.mchange.v2.c3p0.impl.DefaultConnectionTester, contextClassLoaderSource -> caller, dataSourceName -> 1hgeby99ee0ztdpjuwxz8|7e0b37bc, debugUnreturnedConnectionStackTraces -> false, description -> null, driverClass -> org.h2.Driver, extensions -> {}, factoryClassLocation -> null, forceIgnoreUnresolvedTransactions -> false, forceUseNamedDriverClass -> false, identityToken -> 1hgeby99ee0ztdpjuwxz8|7e0b37bc, idleConnectionTestPeriod -> 0, initialPoolSize -> 3, jdbcUrl -> jdbc:h2:mem:db1, maxAdministrativeTaskTime -> 0, maxConnectionAge -> 0, maxIdleTime -> 10, maxIdleTimeExcessConnections -> 0, maxPoolSize -> 3, maxStatements -> 60, maxStatementsPerConnection -> 60, minPoolSize -> 1, numHelperThreads -> 3, preferredTestQuery -> null, privilegeSpawnedThreads -> false, properties -> {user=******, password=******}, propertyCycle -> 0, statementCacheNumDeferredCloseThreads -> 0, testConnectionOnCheckin -> false, testConnectionOnCheckout -> false, unreturnedConnectionTimeout -> 0, userOverrides -> {}, usesTraditionalReflectiveProxies -> false ]
02:19:03,963 ERROR StaticFiles:125 - External Static resource location must be a folder
02:19:04,121  INFO Reflections:229 - Reflections took 113 ms to scan 1 urls, producing 10 keys and 16 values 
02:19:04,159  INFO Application:78 - SparkMVC: Initializing com.sparkmvc.example.web.UserController.init()...
02:19:04,161  INFO Application:147 - SparkMVC: Initializing @GET method by com.sparkmvc.example.web.UserController.logout()
02:19:04,163  INFO Application:155 - SparkMVC: get(uri = /logout)
02:19:04,170  INFO Application:147 - SparkMVC: Initializing @GET method by com.sparkmvc.example.web.UserController.index()
02:19:04,171  INFO Application:155 - SparkMVC: get(uri = /)
02:19:04,180  INFO log:186 - Logging initialized @861ms
02:19:04,210  INFO JettySparkServer:119 - == Spark has ignited ...
02:19:04,211  INFO JettySparkServer:120 - >> Listening on 0.0.0.0:8888
02:19:04,213  INFO Server:345 - jetty-9.3.z-SNAPSHOT
02:19:04,218  INFO FreeMarkerEngine:88 - SparkMVC: Seeking Freemarker template folder -------------->
02:19:04,222  INFO FreeMarkerEngine:94 - SparkMVC: Uses 'D:\Projects\spark-mvc-example\jar-run\template' path for Freemarker templates...
02:19:04,224  INFO Application:147 - SparkMVC: Initializing @GET method by com.sparkmvc.example.web.UserController.json()
02:19:04,224  INFO Application:155 - SparkMVC: get(uri = /json)
02:19:04,226  INFO Application:147 - SparkMVC: Initializing @GET method by com.sparkmvc.example.web.UserController.welcome()
02:19:04,227  INFO Application:155 - SparkMVC: get(uri = /user/welcome)
02:19:04,228  INFO Application:147 - SparkMVC: Initializing @GET method by com.sparkmvc.example.web.UserController.login()
02:19:04,229  INFO Application:155 - SparkMVC: get(uri = /login)
02:19:04,229  INFO Application:147 - SparkMVC: Initializing @POST method by com.sparkmvc.example.web.UserController.login()
02:19:04,230  INFO Application:155 - SparkMVC: post(uri = /login)
02:19:04,232  INFO Application:244 - SparkMVC: Initializing @Before filter to com.sparkmvc.example.web.UserController.before
02:19:04,255  INFO ServerConnector:270 - Started ServerConnector@43060efb{HTTP/1.1,[http/1.1]}{0.0.0.0:8888}
02:19:04,256  INFO Server:397 - Started @938ms
02:19:23,373  INFO Reflections:229 - Reflections took 32 ms to scan 1 urls, producing 4 keys and 4 values 
